[0.009s] Invoking command in '/home/pc/ika_ros/build/gazebo_ackermann_steering_vehicle': CMAKE_PREFIX_PATH=${CMAKE_PREFIX_PATH}:/opt/ros/jazzy DEBUGINFOD_URLS=https://debuginfod.ubuntu.com PS1=(venv-ardupilot) \[\e]0;\u@\h: \w\a\]${debian_chroot:+($debian_chroot)}\[\033[01;32m\]\u@\h\[\033[00m\]:\[\033[01;34m\]\w\[\033[00m\]\$ VIRTUAL_ENV_PROMPT=(venv-ardupilot) /usr/bin/cmake /home/pc/ika_ros/src/gazebo_ackermann_steering_vehicle -DCMAKE_INSTALL_PREFIX=/home/pc/ika_ros/install/gazebo_ackermann_steering_vehicle
[0.068s] -- The C compiler identification is GNU 13.3.0
[0.227s] -- The CXX compiler identification is GNU 13.3.0
[0.359s] -- Detecting C compiler ABI info
[0.454s] -- Detecting C compiler ABI info - done
[0.460s] -- Check for working C compiler: /usr/lib/ccache/cc - skipped
[0.460s] -- Detecting C compile features
[0.460s] -- Detecting C compile features - done
[0.489s] -- Detecting CXX compiler ABI info
[0.592s] -- Detecting CXX compiler ABI info - done
[0.598s] -- Check for working CXX compiler: /usr/lib/ccache/c++ - skipped
[0.599s] -- Detecting CXX compile features
[0.599s] -- Detecting CXX compile features - done
[0.602s] -- Found ament_cmake: 2.5.4 (/opt/ros/jazzy/share/ament_cmake/cmake)
[0.704s] -- Found Python3: /home/pc/venv-ardupilot/bin/python3 (found version "3.12.3") found components: Interpreter 
[0.793s] -- Found rclcpp: 28.1.9 (/opt/ros/jazzy/share/rclcpp/cmake)
[0.863s] -- Found rosidl_generator_c: 4.6.5 (/opt/ros/jazzy/share/rosidl_generator_c/cmake)
[0.877s] -- Found rosidl_generator_cpp: 4.6.5 (/opt/ros/jazzy/share/rosidl_generator_cpp/cmake)
[0.891s] -- Using all available rosidl_typesupport_c: rosidl_typesupport_fastrtps_c;rosidl_typesupport_introspection_c
[0.907s] -- Using all available rosidl_typesupport_cpp: rosidl_typesupport_fastrtps_cpp;rosidl_typesupport_introspection_cpp
[0.971s] -- Found rmw_implementation_cmake: 7.3.2 (/opt/ros/jazzy/share/rmw_implementation_cmake/cmake)
[0.974s] -- Found rmw_fastrtps_cpp: 8.4.2 (/opt/ros/jazzy/share/rmw_fastrtps_cpp/cmake)
[1.039s] -- Found OpenSSL: /usr/lib/x86_64-linux-gnu/libcrypto.so (found version "3.0.13")  
[1.091s] -- Found FastRTPS: /opt/ros/jazzy/include (Required is at least version "2.13") 
[1.127s] -- Using RMW implementation 'rmw_fastrtps_cpp' as default
[1.220s] -- Found std_msgs: 5.3.6 (/opt/ros/jazzy/share/std_msgs/cmake)
[1.232s] -- Found sensor_msgs: 5.3.6 (/opt/ros/jazzy/share/sensor_msgs/cmake)
[1.264s] -- Found ament_lint_auto: 0.17.2 (/opt/ros/jazzy/share/ament_lint_auto/cmake)
[1.346s] -- Added test 'cppcheck' to perform static code analysis on C / C++ code
[1.346s] -- Configured cppcheck include dirs: /home/pc/ika_ros/src/gazebo_ackermann_steering_vehicle/include
[1.346s] -- Configured cppcheck exclude dirs and/or files: 
[1.346s] -- Added test 'flake8' to check Python code syntax and style conventions
[1.346s] -- Configured 'flake8' exclude dirs and/or files: 
[1.347s] -- Added test 'lint_cmake' to check CMake code style
[1.348s] -- Added test 'pep257' to check Python code against some of the docstring style conventions in PEP 257
[1.349s] -- Added test 'uncrustify' to check C / C++ code style
[1.349s] -- Configured uncrustify additional arguments: 
[1.350s] -- Added test 'xmllint' to check XML markup files
[1.351s] -- Configuring done (1.3s)
[1.363s] -- Generating done (0.0s)
[1.366s] -- Build files have been written to: /home/pc/ika_ros/build/gazebo_ackermann_steering_vehicle
[1.374s] Invoked command in '/home/pc/ika_ros/build/gazebo_ackermann_steering_vehicle' returned '0': CMAKE_PREFIX_PATH=${CMAKE_PREFIX_PATH}:/opt/ros/jazzy DEBUGINFOD_URLS=https://debuginfod.ubuntu.com PS1=(venv-ardupilot) \[\e]0;\u@\h: \w\a\]${debian_chroot:+($debian_chroot)}\[\033[01;32m\]\u@\h\[\033[00m\]:\[\033[01;34m\]\w\[\033[00m\]\$ VIRTUAL_ENV_PROMPT=(venv-ardupilot) /usr/bin/cmake /home/pc/ika_ros/src/gazebo_ackermann_steering_vehicle -DCMAKE_INSTALL_PREFIX=/home/pc/ika_ros/install/gazebo_ackermann_steering_vehicle
[1.376s] Invoking command in '/home/pc/ika_ros/build/gazebo_ackermann_steering_vehicle': CMAKE_PREFIX_PATH=${CMAKE_PREFIX_PATH}:/opt/ros/jazzy DEBUGINFOD_URLS=https://debuginfod.ubuntu.com PS1=(venv-ardupilot) \[\e]0;\u@\h: \w\a\]${debian_chroot:+($debian_chroot)}\[\033[01;32m\]\u@\h\[\033[00m\]:\[\033[01;34m\]\w\[\033[00m\]\$ VIRTUAL_ENV_PROMPT=(venv-ardupilot) /usr/bin/cmake --build /home/pc/ika_ros/build/gazebo_ackermann_steering_vehicle -- -j12 -l12
[1.414s] [ 25%] [32mBuilding CXX object CMakeFiles/vehicle_controller.dir/src/vehicle_controller.cpp.o[0m
[1.414s] [ 50%] [32mBuilding CXX object CMakeFiles/joystick_controller.dir/src/joystick_controller.cpp.o[0m
[7.372s] [ 75%] [32m[1mLinking CXX executable joystick_controller[0m
[7.524s] [100%] [32m[1mLinking CXX executable vehicle_controller[0m
[7.599s] [100%] Built target joystick_controller
[7.739s] [100%] Built target vehicle_controller
[7.748s] Invoked command in '/home/pc/ika_ros/build/gazebo_ackermann_steering_vehicle' returned '0': CMAKE_PREFIX_PATH=${CMAKE_PREFIX_PATH}:/opt/ros/jazzy DEBUGINFOD_URLS=https://debuginfod.ubuntu.com PS1=(venv-ardupilot) \[\e]0;\u@\h: \w\a\]${debian_chroot:+($debian_chroot)}\[\033[01;32m\]\u@\h\[\033[00m\]:\[\033[01;34m\]\w\[\033[00m\]\$ VIRTUAL_ENV_PROMPT=(venv-ardupilot) /usr/bin/cmake --build /home/pc/ika_ros/build/gazebo_ackermann_steering_vehicle -- -j12 -l12
[7.756s] Invoking command in '/home/pc/ika_ros/build/gazebo_ackermann_steering_vehicle': CMAKE_PREFIX_PATH=${CMAKE_PREFIX_PATH}:/opt/ros/jazzy DEBUGINFOD_URLS=https://debuginfod.ubuntu.com PS1=(venv-ardupilot) \[\e]0;\u@\h: \w\a\]${debian_chroot:+($debian_chroot)}\[\033[01;32m\]\u@\h\[\033[00m\]:\[\033[01;34m\]\w\[\033[00m\]\$ VIRTUAL_ENV_PROMPT=(venv-ardupilot) /usr/bin/cmake --install /home/pc/ika_ros/build/gazebo_ackermann_steering_vehicle
[7.762s] -- Install configuration: ""
[7.762s] -- Up-to-date: /home/pc/ika_ros/install/gazebo_ackermann_steering_vehicle/share/gazebo_ackermann_steering_vehicle/launch
[7.762s] -- Up-to-date: /home/pc/ika_ros/install/gazebo_ackermann_steering_vehicle/share/gazebo_ackermann_steering_vehicle/launch/joystick.launch.py
[7.762s] -- Up-to-date: /home/pc/ika_ros/install/gazebo_ackermann_steering_vehicle/share/gazebo_ackermann_steering_vehicle/launch/vehicle.launch.py
[7.762s] -- Up-to-date: /home/pc/ika_ros/install/gazebo_ackermann_steering_vehicle/share/gazebo_ackermann_steering_vehicle/model
[7.762s] -- Installing: /home/pc/ika_ros/install/gazebo_ackermann_steering_vehicle/share/gazebo_ackermann_steering_vehicle/model/vehicle.xacro
[7.762s] -- Up-to-date: /home/pc/ika_ros/install/gazebo_ackermann_steering_vehicle/share/gazebo_ackermann_steering_vehicle/config
[7.762s] -- Up-to-date: /home/pc/ika_ros/install/gazebo_ackermann_steering_vehicle/share/gazebo_ackermann_steering_vehicle/config/parameters.yaml
[7.762s] -- Up-to-date: /home/pc/ika_ros/install/gazebo_ackermann_steering_vehicle/share/gazebo_ackermann_steering_vehicle/config/ros_gz_bridge.yaml
[7.762s] -- Up-to-date: /home/pc/ika_ros/install/gazebo_ackermann_steering_vehicle/share/gazebo_ackermann_steering_vehicle/config/gz_ros2_control.yaml
[7.762s] -- Installing: /home/pc/ika_ros/install/gazebo_ackermann_steering_vehicle/lib/gazebo_ackermann_steering_vehicle/vehicle_controller
[7.766s] -- Set non-toolchain portion of runtime path of "/home/pc/ika_ros/install/gazebo_ackermann_steering_vehicle/lib/gazebo_ackermann_steering_vehicle/vehicle_controller" to ""
[7.766s] -- Installing: /home/pc/ika_ros/install/gazebo_ackermann_steering_vehicle/lib/gazebo_ackermann_steering_vehicle/joystick_controller
[7.769s] -- Set non-toolchain portion of runtime path of "/home/pc/ika_ros/install/gazebo_ackermann_steering_vehicle/lib/gazebo_ackermann_steering_vehicle/joystick_controller" to ""
[7.769s] -- Installing: /home/pc/ika_ros/install/gazebo_ackermann_steering_vehicle/share/ament_index/resource_index/package_run_dependencies/gazebo_ackermann_steering_vehicle
[7.769s] -- Installing: /home/pc/ika_ros/install/gazebo_ackermann_steering_vehicle/share/ament_index/resource_index/parent_prefix_path/gazebo_ackermann_steering_vehicle
[7.769s] -- Installing: /home/pc/ika_ros/install/gazebo_ackermann_steering_vehicle/share/gazebo_ackermann_steering_vehicle/environment/ament_prefix_path.sh
[7.770s] -- Installing: /home/pc/ika_ros/install/gazebo_ackermann_steering_vehicle/share/gazebo_ackermann_steering_vehicle/environment/ament_prefix_path.dsv
[7.770s] -- Installing: /home/pc/ika_ros/install/gazebo_ackermann_steering_vehicle/share/gazebo_ackermann_steering_vehicle/environment/path.sh
[7.770s] -- Installing: /home/pc/ika_ros/install/gazebo_ackermann_steering_vehicle/share/gazebo_ackermann_steering_vehicle/environment/path.dsv
[7.770s] -- Installing: /home/pc/ika_ros/install/gazebo_ackermann_steering_vehicle/share/gazebo_ackermann_steering_vehicle/local_setup.bash
[7.770s] -- Installing: /home/pc/ika_ros/install/gazebo_ackermann_steering_vehicle/share/gazebo_ackermann_steering_vehicle/local_setup.sh
[7.770s] -- Installing: /home/pc/ika_ros/install/gazebo_ackermann_steering_vehicle/share/gazebo_ackermann_steering_vehicle/local_setup.zsh
[7.770s] -- Installing: /home/pc/ika_ros/install/gazebo_ackermann_steering_vehicle/share/gazebo_ackermann_steering_vehicle/local_setup.dsv
[7.770s] -- Installing: /home/pc/ika_ros/install/gazebo_ackermann_steering_vehicle/share/gazebo_ackermann_steering_vehicle/package.dsv
[7.771s] -- Installing: /home/pc/ika_ros/install/gazebo_ackermann_steering_vehicle/share/ament_index/resource_index/packages/gazebo_ackermann_steering_vehicle
[7.771s] -- Installing: /home/pc/ika_ros/install/gazebo_ackermann_steering_vehicle/share/gazebo_ackermann_steering_vehicle/cmake/gazebo_ackermann_steering_vehicleConfig.cmake
[7.771s] -- Installing: /home/pc/ika_ros/install/gazebo_ackermann_steering_vehicle/share/gazebo_ackermann_steering_vehicle/cmake/gazebo_ackermann_steering_vehicleConfig-version.cmake
[7.771s] -- Up-to-date: /home/pc/ika_ros/install/gazebo_ackermann_steering_vehicle/share/gazebo_ackermann_steering_vehicle/package.xml
[7.773s] Invoked command in '/home/pc/ika_ros/build/gazebo_ackermann_steering_vehicle' returned '0': CMAKE_PREFIX_PATH=${CMAKE_PREFIX_PATH}:/opt/ros/jazzy DEBUGINFOD_URLS=https://debuginfod.ubuntu.com PS1=(venv-ardupilot) \[\e]0;\u@\h: \w\a\]${debian_chroot:+($debian_chroot)}\[\033[01;32m\]\u@\h\[\033[00m\]:\[\033[01;34m\]\w\[\033[00m\]\$ VIRTUAL_ENV_PROMPT=(venv-ardupilot) /usr/bin/cmake --install /home/pc/ika_ros/build/gazebo_ackermann_steering_vehicle
