[0.009s] Invoking command in '/home/pc/ika_ws/build/gazebo_ackermann_steering_vehicle': CMAKE_PREFIX_PATH=${CMAKE_PREFIX_PATH}:/opt/ros/jazzy DEBUGINFOD_URLS=https://debuginfod.ubuntu.com PS1=(venv-ardupilot) \[\e]0;\u@\h: \w\a\]${debian_chroot:+($debian_chroot)}\[\033[01;32m\]\u@\h\[\033[00m\]:\[\033[01;34m\]\w\[\033[00m\]\$ VIRTUAL_ENV_PROMPT=(venv-ardupilot) /usr/bin/cmake /home/pc/ika_ws/src/gazebo_ackermann_steering_vehicle -DCMAKE_INSTALL_PREFIX=/home/pc/ika_ws/install/gazebo_ackermann_steering_vehicle
[0.168s] -- The C compiler identification is GNU 13.3.0
[0.391s] -- The CXX compiler identification is GNU 13.3.0
[0.527s] -- Detecting C compiler ABI info
[0.629s] -- Detecting C compiler ABI info - done
[0.635s] -- Check for working C compiler: /usr/lib/ccache/cc - skipped
[0.635s] -- Detecting C compile features
[0.636s] -- Detecting C compile features - done
[0.664s] -- Detecting CXX compiler ABI info
[0.767s] -- Detecting CXX compiler ABI info - done
[0.774s] -- Check for working CXX compiler: /usr/lib/ccache/c++ - skipped
[0.774s] -- Detecting CXX compile features
[0.774s] -- Detecting CXX compile features - done
[0.783s] -- Found ament_cmake: 2.5.4 (/opt/ros/jazzy/share/ament_cmake/cmake)
[0.893s] -- Found Python3: /home/pc/venv-ardupilot/bin/python3 (found version "3.12.3") found components: Interpreter 
[1.011s] -- Found rclcpp: 28.1.9 (/opt/ros/jazzy/share/rclcpp/cmake)
[1.101s] -- Found rosidl_generator_c: 4.6.5 (/opt/ros/jazzy/share/rosidl_generator_c/cmake)
[1.118s] -- Found rosidl_generator_cpp: 4.6.5 (/opt/ros/jazzy/share/rosidl_generator_cpp/cmake)
[1.139s] -- Using all available rosidl_typesupport_c: rosidl_typesupport_fastrtps_c;rosidl_typesupport_introspection_c
[1.162s] -- Using all available rosidl_typesupport_cpp: rosidl_typesupport_fastrtps_cpp;rosidl_typesupport_introspection_cpp
[1.254s] -- Found rmw_implementation_cmake: 7.3.2 (/opt/ros/jazzy/share/rmw_implementation_cmake/cmake)
[1.259s] -- Found rmw_fastrtps_cpp: 8.4.2 (/opt/ros/jazzy/share/rmw_fastrtps_cpp/cmake)
[1.354s] -- Found OpenSSL: /usr/lib/x86_64-linux-gnu/libcrypto.so (found version "3.0.13")  
[1.406s] -- Found FastRTPS: /opt/ros/jazzy/include (Required is at least version "2.13") 
[1.442s] -- Using RMW implementation 'rmw_fastrtps_cpp' as default
[1.554s] -- Found std_msgs: 5.3.6 (/opt/ros/jazzy/share/std_msgs/cmake)
[1.572s] -- Found sensor_msgs: 5.3.6 (/opt/ros/jazzy/share/sensor_msgs/cmake)
[1.618s] -- Found ament_lint_auto: 0.17.2 (/opt/ros/jazzy/share/ament_lint_auto/cmake)
[1.721s] -- Added test 'cppcheck' to perform static code analysis on C / C++ code
[1.721s] -- Configured cppcheck include dirs: /home/pc/ika_ws/src/gazebo_ackermann_steering_vehicle/include
[1.721s] -- Configured cppcheck exclude dirs and/or files: 
[1.723s] -- Added test 'flake8' to check Python code syntax and style conventions
[1.723s] -- Configured 'flake8' exclude dirs and/or files: 
[1.724s] -- Added test 'lint_cmake' to check CMake code style
[1.725s] -- Added test 'pep257' to check Python code against some of the docstring style conventions in PEP 257
[1.728s] -- Added test 'uncrustify' to check C / C++ code style
[1.728s] -- Configured uncrustify additional arguments: 
[1.729s] -- Added test 'xmllint' to check XML markup files
[1.731s] -- Configuring done (1.7s)
[1.743s] -- Generating done (0.0s)
[1.747s] -- Build files have been written to: /home/pc/ika_ws/build/gazebo_ackermann_steering_vehicle
[1.755s] Invoked command in '/home/pc/ika_ws/build/gazebo_ackermann_steering_vehicle' returned '0': CMAKE_PREFIX_PATH=${CMAKE_PREFIX_PATH}:/opt/ros/jazzy DEBUGINFOD_URLS=https://debuginfod.ubuntu.com PS1=(venv-ardupilot) \[\e]0;\u@\h: \w\a\]${debian_chroot:+($debian_chroot)}\[\033[01;32m\]\u@\h\[\033[00m\]:\[\033[01;34m\]\w\[\033[00m\]\$ VIRTUAL_ENV_PROMPT=(venv-ardupilot) /usr/bin/cmake /home/pc/ika_ws/src/gazebo_ackermann_steering_vehicle -DCMAKE_INSTALL_PREFIX=/home/pc/ika_ws/install/gazebo_ackermann_steering_vehicle
[1.757s] Invoking command in '/home/pc/ika_ws/build/gazebo_ackermann_steering_vehicle': CMAKE_PREFIX_PATH=${CMAKE_PREFIX_PATH}:/opt/ros/jazzy DEBUGINFOD_URLS=https://debuginfod.ubuntu.com PS1=(venv-ardupilot) \[\e]0;\u@\h: \w\a\]${debian_chroot:+($debian_chroot)}\[\033[01;32m\]\u@\h\[\033[00m\]:\[\033[01;34m\]\w\[\033[00m\]\$ VIRTUAL_ENV_PROMPT=(venv-ardupilot) /usr/bin/cmake --build /home/pc/ika_ws/build/gazebo_ackermann_steering_vehicle -- -j12 -l12
[1.795s] [ 50%] [32mBuilding CXX object CMakeFiles/joystick_controller.dir/src/joystick_controller.cpp.o[0m
[1.795s] [ 50%] [32mBuilding CXX object CMakeFiles/vehicle_controller.dir/src/vehicle_controller.cpp.o[0m
[1.934s] [ 75%] [32m[1mLinking CXX executable joystick_controller[0m
[1.939s] [100%] [32m[1mLinking CXX executable vehicle_controller[0m
[2.172s] [100%] Built target vehicle_controller
[2.187s] [100%] Built target joystick_controller
[2.195s] Invoked command in '/home/pc/ika_ws/build/gazebo_ackermann_steering_vehicle' returned '0': CMAKE_PREFIX_PATH=${CMAKE_PREFIX_PATH}:/opt/ros/jazzy DEBUGINFOD_URLS=https://debuginfod.ubuntu.com PS1=(venv-ardupilot) \[\e]0;\u@\h: \w\a\]${debian_chroot:+($debian_chroot)}\[\033[01;32m\]\u@\h\[\033[00m\]:\[\033[01;34m\]\w\[\033[00m\]\$ VIRTUAL_ENV_PROMPT=(venv-ardupilot) /usr/bin/cmake --build /home/pc/ika_ws/build/gazebo_ackermann_steering_vehicle -- -j12 -l12
[2.203s] Invoking command in '/home/pc/ika_ws/build/gazebo_ackermann_steering_vehicle': CMAKE_PREFIX_PATH=${CMAKE_PREFIX_PATH}:/opt/ros/jazzy DEBUGINFOD_URLS=https://debuginfod.ubuntu.com PS1=(venv-ardupilot) \[\e]0;\u@\h: \w\a\]${debian_chroot:+($debian_chroot)}\[\033[01;32m\]\u@\h\[\033[00m\]:\[\033[01;34m\]\w\[\033[00m\]\$ VIRTUAL_ENV_PROMPT=(venv-ardupilot) /usr/bin/cmake --install /home/pc/ika_ws/build/gazebo_ackermann_steering_vehicle
[2.209s] -- Install configuration: ""
[2.209s] -- Installing: /home/pc/ika_ws/install/gazebo_ackermann_steering_vehicle/share/gazebo_ackermann_steering_vehicle/launch
[2.210s] -- Installing: /home/pc/ika_ws/install/gazebo_ackermann_steering_vehicle/share/gazebo_ackermann_steering_vehicle/launch/joystick.launch.py
[2.210s] -- Installing: /home/pc/ika_ws/install/gazebo_ackermann_steering_vehicle/share/gazebo_ackermann_steering_vehicle/launch/vehicle.launch.py
[2.210s] -- Installing: /home/pc/ika_ws/install/gazebo_ackermann_steering_vehicle/share/gazebo_ackermann_steering_vehicle/model
[2.210s] -- Installing: /home/pc/ika_ws/install/gazebo_ackermann_steering_vehicle/share/gazebo_ackermann_steering_vehicle/model/vehicle.xacro
[2.211s] -- Installing: /home/pc/ika_ws/install/gazebo_ackermann_steering_vehicle/share/gazebo_ackermann_steering_vehicle/config
[2.211s] -- Installing: /home/pc/ika_ws/install/gazebo_ackermann_steering_vehicle/share/gazebo_ackermann_steering_vehicle/config/parameters.yaml
[2.211s] -- Installing: /home/pc/ika_ws/install/gazebo_ackermann_steering_vehicle/share/gazebo_ackermann_steering_vehicle/config/ros_gz_bridge.yaml
[2.211s] -- Installing: /home/pc/ika_ws/install/gazebo_ackermann_steering_vehicle/share/gazebo_ackermann_steering_vehicle/config/gz_ros2_control.yaml
[2.211s] -- Installing: /home/pc/ika_ws/install/gazebo_ackermann_steering_vehicle/lib/gazebo_ackermann_steering_vehicle/vehicle_controller
[2.214s] -- Set non-toolchain portion of runtime path of "/home/pc/ika_ws/install/gazebo_ackermann_steering_vehicle/lib/gazebo_ackermann_steering_vehicle/vehicle_controller" to ""
[2.214s] -- Installing: /home/pc/ika_ws/install/gazebo_ackermann_steering_vehicle/lib/gazebo_ackermann_steering_vehicle/joystick_controller
[2.216s] -- Set non-toolchain portion of runtime path of "/home/pc/ika_ws/install/gazebo_ackermann_steering_vehicle/lib/gazebo_ackermann_steering_vehicle/joystick_controller" to ""
[2.217s] -- Installing: /home/pc/ika_ws/install/gazebo_ackermann_steering_vehicle/share/ament_index/resource_index/package_run_dependencies/gazebo_ackermann_steering_vehicle
[2.217s] -- Installing: /home/pc/ika_ws/install/gazebo_ackermann_steering_vehicle/share/ament_index/resource_index/parent_prefix_path/gazebo_ackermann_steering_vehicle
[2.217s] -- Installing: /home/pc/ika_ws/install/gazebo_ackermann_steering_vehicle/share/gazebo_ackermann_steering_vehicle/environment/ament_prefix_path.sh
[2.217s] -- Installing: /home/pc/ika_ws/install/gazebo_ackermann_steering_vehicle/share/gazebo_ackermann_steering_vehicle/environment/ament_prefix_path.dsv
[2.217s] -- Installing: /home/pc/ika_ws/install/gazebo_ackermann_steering_vehicle/share/gazebo_ackermann_steering_vehicle/environment/path.sh
[2.218s] -- Installing: /home/pc/ika_ws/install/gazebo_ackermann_steering_vehicle/share/gazebo_ackermann_steering_vehicle/environment/path.dsv
[2.218s] -- Installing: /home/pc/ika_ws/install/gazebo_ackermann_steering_vehicle/share/gazebo_ackermann_steering_vehicle/local_setup.bash
[2.218s] -- Installing: /home/pc/ika_ws/install/gazebo_ackermann_steering_vehicle/share/gazebo_ackermann_steering_vehicle/local_setup.sh
[2.218s] -- Installing: /home/pc/ika_ws/install/gazebo_ackermann_steering_vehicle/share/gazebo_ackermann_steering_vehicle/local_setup.zsh
[2.218s] -- Installing: /home/pc/ika_ws/install/gazebo_ackermann_steering_vehicle/share/gazebo_ackermann_steering_vehicle/local_setup.dsv
[2.218s] -- Installing: /home/pc/ika_ws/install/gazebo_ackermann_steering_vehicle/share/gazebo_ackermann_steering_vehicle/package.dsv
[2.218s] -- Installing: /home/pc/ika_ws/install/gazebo_ackermann_steering_vehicle/share/ament_index/resource_index/packages/gazebo_ackermann_steering_vehicle
[2.218s] -- Installing: /home/pc/ika_ws/install/gazebo_ackermann_steering_vehicle/share/gazebo_ackermann_steering_vehicle/cmake/gazebo_ackermann_steering_vehicleConfig.cmake
[2.219s] -- Installing: /home/pc/ika_ws/install/gazebo_ackermann_steering_vehicle/share/gazebo_ackermann_steering_vehicle/cmake/gazebo_ackermann_steering_vehicleConfig-version.cmake
[2.219s] -- Installing: /home/pc/ika_ws/install/gazebo_ackermann_steering_vehicle/share/gazebo_ackermann_steering_vehicle/package.xml
[2.220s] Invoked command in '/home/pc/ika_ws/build/gazebo_ackermann_steering_vehicle' returned '0': CMAKE_PREFIX_PATH=${CMAKE_PREFIX_PATH}:/opt/ros/jazzy DEBUGINFOD_URLS=https://debuginfod.ubuntu.com PS1=(venv-ardupilot) \[\e]0;\u@\h: \w\a\]${debian_chroot:+($debian_chroot)}\[\033[01;32m\]\u@\h\[\033[00m\]:\[\033[01;34m\]\w\[\033[00m\]\$ VIRTUAL_ENV_PROMPT=(venv-ardupilot) /usr/bin/cmake --install /home/pc/ika_ws/build/gazebo_ackermann_steering_vehicle
